[2025-08-16T03:11:11.161+0000] {processor.py:161} INFO - Started process (PID=1071) to work on /opt/airflow/dags/etl_dag.py
[2025-08-16T03:11:11.163+0000] {processor.py:830} INFO - Processing file /opt/airflow/dags/etl_dag.py for tasks to queue
[2025-08-16T03:11:11.166+0000] {logging_mixin.py:188} INFO - [2025-08-16T03:11:11.165+0000] {dagbag.py:545} INFO - Filling up the DagBag from /opt/airflow/dags/etl_dag.py
[2025-08-16T03:11:12.328+0000] {processor.py:840} INFO - DAG(s) 'Mini_GCP' retrieved from /opt/airflow/dags/etl_dag.py
[2025-08-16T03:11:12.347+0000] {logging_mixin.py:188} INFO - [2025-08-16T03:11:12.346+0000] {dag.py:3096} INFO - Sync 1 DAGs
[2025-08-16T03:11:12.354+0000] {logging_mixin.py:188} INFO - [2025-08-16T03:11:12.354+0000] {dag.py:3954} INFO - Setting next_dagrun for Mini_GCP to None, run_after=None
[2025-08-16T03:11:12.364+0000] {processor.py:183} INFO - Processing /opt/airflow/dags/etl_dag.py took 1.210 seconds
[2025-08-16T03:11:42.496+0000] {processor.py:161} INFO - Started process (PID=1078) to work on /opt/airflow/dags/etl_dag.py
[2025-08-16T03:11:42.497+0000] {processor.py:830} INFO - Processing file /opt/airflow/dags/etl_dag.py for tasks to queue
[2025-08-16T03:11:42.499+0000] {logging_mixin.py:188} INFO - [2025-08-16T03:11:42.498+0000] {dagbag.py:545} INFO - Filling up the DagBag from /opt/airflow/dags/etl_dag.py
[2025-08-16T03:11:43.344+0000] {processor.py:840} INFO - DAG(s) 'Mini_GCP' retrieved from /opt/airflow/dags/etl_dag.py
[2025-08-16T03:11:43.360+0000] {logging_mixin.py:188} INFO - [2025-08-16T03:11:43.360+0000] {dag.py:3096} INFO - Sync 1 DAGs
[2025-08-16T03:11:43.366+0000] {logging_mixin.py:188} INFO - [2025-08-16T03:11:43.366+0000] {dag.py:3954} INFO - Setting next_dagrun for Mini_GCP to None, run_after=None
[2025-08-16T03:11:43.376+0000] {processor.py:183} INFO - Processing /opt/airflow/dags/etl_dag.py took 0.885 seconds
[2025-08-16T03:12:13.488+0000] {processor.py:161} INFO - Started process (PID=1085) to work on /opt/airflow/dags/etl_dag.py
[2025-08-16T03:12:13.488+0000] {processor.py:830} INFO - Processing file /opt/airflow/dags/etl_dag.py for tasks to queue
[2025-08-16T03:12:13.490+0000] {logging_mixin.py:188} INFO - [2025-08-16T03:12:13.490+0000] {dagbag.py:545} INFO - Filling up the DagBag from /opt/airflow/dags/etl_dag.py
[2025-08-16T03:12:14.367+0000] {processor.py:840} INFO - DAG(s) 'Mini_GCP' retrieved from /opt/airflow/dags/etl_dag.py
[2025-08-16T03:12:14.385+0000] {logging_mixin.py:188} INFO - [2025-08-16T03:12:14.384+0000] {dag.py:3096} INFO - Sync 1 DAGs
[2025-08-16T03:12:14.392+0000] {logging_mixin.py:188} INFO - [2025-08-16T03:12:14.392+0000] {dag.py:3954} INFO - Setting next_dagrun for Mini_GCP to None, run_after=None
[2025-08-16T03:12:14.403+0000] {processor.py:183} INFO - Processing /opt/airflow/dags/etl_dag.py took 0.920 seconds
