[2025-08-14T22:52:57.437+0000] {local_task_job_runner.py:120} INFO - ::group::Pre task execution logs
[2025-08-14T22:52:57.457+0000] {taskinstance.py:2076} INFO - Dependencies all met for dep_context=non-requeueable deps ti=<TaskInstance: Mini_GCP.export_duckdb_to_postgres manual__2025-08-14T22:52:46.106133+00:00 [queued]>
[2025-08-14T22:52:57.461+0000] {taskinstance.py:2076} INFO - Dependencies all met for dep_context=requeueable deps ti=<TaskInstance: Mini_GCP.export_duckdb_to_postgres manual__2025-08-14T22:52:46.106133+00:00 [queued]>
[2025-08-14T22:52:57.461+0000] {taskinstance.py:2306} INFO - Starting attempt 1 of 2
[2025-08-14T22:52:57.469+0000] {taskinstance.py:2330} INFO - Executing <Task(PythonOperator): export_duckdb_to_postgres> on 2025-08-14 22:52:46.106133+00:00
[2025-08-14T22:52:57.479+0000] {standard_task_runner.py:63} INFO - Started process 225 to run task
[2025-08-14T22:52:57.481+0000] {standard_task_runner.py:90} INFO - Running: ['airflow', 'tasks', 'run', 'Mini_GCP', 'export_duckdb_to_postgres', 'manual__2025-08-14T22:52:46.106133+00:00', '--job-id', '7', '--raw', '--subdir', 'DAGS_FOLDER/etl_dag.py', '--cfg-path', '/tmp/tmphq5r5lnw']
[2025-08-14T22:52:57.483+0000] {standard_task_runner.py:91} INFO - Job 7: Subtask export_duckdb_to_postgres
[2025-08-14T22:52:57.519+0000] {task_command.py:426} INFO - Running <TaskInstance: Mini_GCP.export_duckdb_to_postgres manual__2025-08-14T22:52:46.106133+00:00 [running]> on host 00a680a0d1f5
[2025-08-14T22:52:57.577+0000] {taskinstance.py:2648} INFO - Exporting env vars: AIRFLOW_CTX_DAG_OWNER='CamilaJaviera' AIRFLOW_CTX_DAG_ID='Mini_GCP' AIRFLOW_CTX_TASK_ID='export_duckdb_to_postgres' AIRFLOW_CTX_EXECUTION_DATE='2025-08-14T22:52:46.106133+00:00' AIRFLOW_CTX_TRY_NUMBER='1' AIRFLOW_CTX_DAG_RUN_ID='manual__2025-08-14T22:52:46.106133+00:00'
[2025-08-14T22:52:57.578+0000] {taskinstance.py:430} INFO - ::endgroup::
[2025-08-14T22:52:57.608+0000] {logging_mixin.py:188} INFO - 🛠️  Schema 'sales' created
[2025-08-14T22:52:57.614+0000] {logging_mixin.py:188} INFO - 🛠️  Table 'sales' created in schema sales
[2025-08-14T22:52:57.684+0000] {logging_mixin.py:188} INFO - ✅ Exported DuckDB sales table to PostgreSQL
[2025-08-14T22:52:57.687+0000] {python.py:237} INFO - Done. Returned value was: None
[2025-08-14T22:52:57.687+0000] {taskinstance.py:441} INFO - ::group::Post task execution logs
[2025-08-14T22:52:57.695+0000] {taskinstance.py:1206} INFO - Marking task as SUCCESS. dag_id=Mini_GCP, task_id=export_duckdb_to_postgres, run_id=manual__2025-08-14T22:52:46.106133+00:00, execution_date=20250814T225246, start_date=20250814T225257, end_date=20250814T225257
[2025-08-14T22:52:57.733+0000] {local_task_job_runner.py:240} INFO - Task exited with return code 0
[2025-08-14T22:52:57.750+0000] {taskinstance.py:3498} INFO - 1 downstream tasks scheduled from follow-on schedule check
[2025-08-14T22:52:57.752+0000] {local_task_job_runner.py:222} INFO - ::endgroup::
