[2025-08-14T22:29:45.376+0000] {local_task_job_runner.py:120} INFO - ::group::Pre task execution logs
[2025-08-14T22:29:45.395+0000] {taskinstance.py:2076} INFO - Dependencies all met for dep_context=non-requeueable deps ti=<TaskInstance: Mini_GCP.load_to_duckdb manual__2025-08-14T22:29:35.650965+00:00 [queued]>
[2025-08-14T22:29:45.399+0000] {taskinstance.py:2076} INFO - Dependencies all met for dep_context=requeueable deps ti=<TaskInstance: Mini_GCP.load_to_duckdb manual__2025-08-14T22:29:35.650965+00:00 [queued]>
[2025-08-14T22:29:45.399+0000] {taskinstance.py:2306} INFO - Starting attempt 1 of 2
[2025-08-14T22:29:45.406+0000] {taskinstance.py:2330} INFO - Executing <Task(PythonOperator): load_to_duckdb> on 2025-08-14 22:29:35.650965+00:00
[2025-08-14T22:29:45.415+0000] {standard_task_runner.py:63} INFO - Started process 273 to run task
[2025-08-14T22:29:45.418+0000] {standard_task_runner.py:90} INFO - Running: ['airflow', 'tasks', 'run', 'Mini_GCP', 'load_to_duckdb', 'manual__2025-08-14T22:29:35.650965+00:00', '--job-id', '6', '--raw', '--subdir', 'DAGS_FOLDER/etl_dag.py', '--cfg-path', '/tmp/tmpgd4ulsdm']
[2025-08-14T22:29:45.420+0000] {standard_task_runner.py:91} INFO - Job 6: Subtask load_to_duckdb
[2025-08-14T22:29:45.456+0000] {task_command.py:426} INFO - Running <TaskInstance: Mini_GCP.load_to_duckdb manual__2025-08-14T22:29:35.650965+00:00 [running]> on host 13aade4e0d1e
[2025-08-14T22:29:45.511+0000] {taskinstance.py:2648} INFO - Exporting env vars: AIRFLOW_CTX_DAG_OWNER='CamilaJaviera' AIRFLOW_CTX_DAG_ID='Mini_GCP' AIRFLOW_CTX_TASK_ID='load_to_duckdb' AIRFLOW_CTX_EXECUTION_DATE='2025-08-14T22:29:35.650965+00:00' AIRFLOW_CTX_TRY_NUMBER='1' AIRFLOW_CTX_DAG_RUN_ID='manual__2025-08-14T22:29:35.650965+00:00'
[2025-08-14T22:29:45.512+0000] {taskinstance.py:430} INFO - ::endgroup::
[2025-08-14T22:29:45.565+0000] {logging_mixin.py:188} INFO - ✅ Último archivo cargado: data/processed/clean_sales_1.csv
[2025-08-14T22:29:45.577+0000] {logging_mixin.py:188} INFO -    id          customer     product   price  sale_date
0   1      Allison Hill    Keyboard  866.00 2024-01-24
1   2     Megan Mcclain  Smartphone  172.99 2023-10-16
2   3    Allen Robinson  Smartphone  985.46 2024-08-17
3   4   Cristian Santos     Monitor  927.25 2024-09-15
4   6  Melissa Peterson  Headphones  198.00 2023-12-05
[2025-08-14T22:29:45.588+0000] {python.py:237} INFO - Done. Returned value was: None
[2025-08-14T22:29:45.588+0000] {taskinstance.py:441} INFO - ::group::Post task execution logs
[2025-08-14T22:29:45.596+0000] {taskinstance.py:1206} INFO - Marking task as SUCCESS. dag_id=Mini_GCP, task_id=load_to_duckdb, run_id=manual__2025-08-14T22:29:35.650965+00:00, execution_date=20250814T222935, start_date=20250814T222945, end_date=20250814T222945
[2025-08-14T22:29:45.629+0000] {local_task_job_runner.py:240} INFO - Task exited with return code 0
[2025-08-14T22:29:45.648+0000] {taskinstance.py:3498} INFO - 1 downstream tasks scheduled from follow-on schedule check
[2025-08-14T22:29:45.649+0000] {local_task_job_runner.py:222} INFO - ::endgroup::
