[2025-08-14T22:49:10.433+0000] {local_task_job_runner.py:120} INFO - ::group::Pre task execution logs
[2025-08-14T22:49:10.452+0000] {taskinstance.py:2076} INFO - Dependencies all met for dep_context=non-requeueable deps ti=<TaskInstance: Mini_GCP.load_to_duckdb manual__2025-08-14T22:49:01.329849+00:00 [queued]>
[2025-08-14T22:49:10.456+0000] {taskinstance.py:2076} INFO - Dependencies all met for dep_context=requeueable deps ti=<TaskInstance: Mini_GCP.load_to_duckdb manual__2025-08-14T22:49:01.329849+00:00 [queued]>
[2025-08-14T22:49:10.456+0000] {taskinstance.py:2306} INFO - Starting attempt 1 of 2
[2025-08-14T22:49:10.463+0000] {taskinstance.py:2330} INFO - Executing <Task(PythonOperator): load_to_duckdb> on 2025-08-14 22:49:01.329849+00:00
[2025-08-14T22:49:10.472+0000] {standard_task_runner.py:63} INFO - Started process 212 to run task
[2025-08-14T22:49:10.475+0000] {standard_task_runner.py:90} INFO - Running: ['airflow', 'tasks', 'run', 'Mini_GCP', 'load_to_duckdb', 'manual__2025-08-14T22:49:01.329849+00:00', '--job-id', '6', '--raw', '--subdir', 'DAGS_FOLDER/etl_dag.py', '--cfg-path', '/tmp/tmprdwwg8ni']
[2025-08-14T22:49:10.476+0000] {standard_task_runner.py:91} INFO - Job 6: Subtask load_to_duckdb
[2025-08-14T22:49:10.511+0000] {task_command.py:426} INFO - Running <TaskInstance: Mini_GCP.load_to_duckdb manual__2025-08-14T22:49:01.329849+00:00 [running]> on host 89eaeffba76c
[2025-08-14T22:49:10.567+0000] {taskinstance.py:2648} INFO - Exporting env vars: AIRFLOW_CTX_DAG_OWNER='CamilaJaviera' AIRFLOW_CTX_DAG_ID='Mini_GCP' AIRFLOW_CTX_TASK_ID='load_to_duckdb' AIRFLOW_CTX_EXECUTION_DATE='2025-08-14T22:49:01.329849+00:00' AIRFLOW_CTX_TRY_NUMBER='1' AIRFLOW_CTX_DAG_RUN_ID='manual__2025-08-14T22:49:01.329849+00:00'
[2025-08-14T22:49:10.568+0000] {taskinstance.py:430} INFO - ::endgroup::
[2025-08-14T22:49:10.632+0000] {logging_mixin.py:188} INFO - ✅ Último archivo cargado: data/transform/clean_sales_1.csv
[2025-08-14T22:49:10.647+0000] {logging_mixin.py:188} INFO -    id          customer     product   price  sale_date
0   1      Allison Hill    Keyboard  866.00 2024-01-24
1   2     Megan Mcclain  Smartphone  172.99 2023-10-16
2   3    Allen Robinson  Smartphone  985.46 2024-08-17
3   4   Cristian Santos     Monitor  927.25 2024-09-15
4   6  Melissa Peterson  Headphones  198.00 2023-12-05
[2025-08-14T22:49:10.658+0000] {python.py:237} INFO - Done. Returned value was: None
[2025-08-14T22:49:10.659+0000] {taskinstance.py:441} INFO - ::group::Post task execution logs
[2025-08-14T22:49:10.667+0000] {taskinstance.py:1206} INFO - Marking task as SUCCESS. dag_id=Mini_GCP, task_id=load_to_duckdb, run_id=manual__2025-08-14T22:49:01.329849+00:00, execution_date=20250814T224901, start_date=20250814T224910, end_date=20250814T224910
[2025-08-14T22:49:10.726+0000] {local_task_job_runner.py:240} INFO - Task exited with return code 0
[2025-08-14T22:49:10.748+0000] {taskinstance.py:3498} INFO - 1 downstream tasks scheduled from follow-on schedule check
[2025-08-14T22:49:10.750+0000] {local_task_job_runner.py:222} INFO - ::endgroup::
