[2025-08-14T22:29:43.474+0000] {local_task_job_runner.py:120} INFO - ::group::Pre task execution logs
[2025-08-14T22:29:43.493+0000] {taskinstance.py:2076} INFO - Dependencies all met for dep_context=non-requeueable deps ti=<TaskInstance: Mini_GCP.transform_data_beam manual__2025-08-14T22:29:35.650965+00:00 [queued]>
[2025-08-14T22:29:43.499+0000] {taskinstance.py:2076} INFO - Dependencies all met for dep_context=requeueable deps ti=<TaskInstance: Mini_GCP.transform_data_beam manual__2025-08-14T22:29:35.650965+00:00 [queued]>
[2025-08-14T22:29:43.499+0000] {taskinstance.py:2306} INFO - Starting attempt 1 of 2
[2025-08-14T22:29:43.507+0000] {taskinstance.py:2330} INFO - Executing <Task(PythonOperator): transform_data_beam> on 2025-08-14 22:29:35.650965+00:00
[2025-08-14T22:29:43.516+0000] {standard_task_runner.py:63} INFO - Started process 253 to run task
[2025-08-14T22:29:43.520+0000] {standard_task_runner.py:90} INFO - Running: ['airflow', 'tasks', 'run', 'Mini_GCP', 'transform_data_beam', 'manual__2025-08-14T22:29:35.650965+00:00', '--job-id', '5', '--raw', '--subdir', 'DAGS_FOLDER/etl_dag.py', '--cfg-path', '/tmp/tmppa1mybq3']
[2025-08-14T22:29:43.521+0000] {standard_task_runner.py:91} INFO - Job 5: Subtask transform_data_beam
[2025-08-14T22:29:43.559+0000] {task_command.py:426} INFO - Running <TaskInstance: Mini_GCP.transform_data_beam manual__2025-08-14T22:29:35.650965+00:00 [running]> on host 13aade4e0d1e
[2025-08-14T22:29:43.614+0000] {taskinstance.py:2648} INFO - Exporting env vars: AIRFLOW_CTX_DAG_OWNER='CamilaJaviera' AIRFLOW_CTX_DAG_ID='Mini_GCP' AIRFLOW_CTX_TASK_ID='transform_data_beam' AIRFLOW_CTX_EXECUTION_DATE='2025-08-14T22:29:35.650965+00:00' AIRFLOW_CTX_TRY_NUMBER='1' AIRFLOW_CTX_DAG_RUN_ID='manual__2025-08-14T22:29:35.650965+00:00'
[2025-08-14T22:29:43.615+0000] {taskinstance.py:430} INFO - ::endgroup::
[2025-08-14T22:29:43.625+0000] {pipeline.py:203} INFO - Missing pipeline option (runner). Executing pipeline using the default runner: DirectRunner.
[2025-08-14T22:29:43.744+0000] {pipeline_options.py:534} WARNING - Discarding unparseable args: ['scheduler']
[2025-08-14T22:29:43.784+0000] {statecache.py:214} INFO - Creating state cache with size 104857600
[2025-08-14T22:29:44.008+0000] {filebasedsink.py:325} INFO - Starting finalize_write threads with num_shards: 1 (skipped: 0), batches: 1, num_threads: 1
[2025-08-14T22:29:44.016+0000] {filebasedsink.py:372} INFO - Renamed 1 shards in 0.01 seconds.
[2025-08-14T22:29:44.021+0000] {logging_mixin.py:188} INFO - ✅ Clean file saved as: data/processed/clean_sales_1.csv
[2025-08-14T22:29:44.021+0000] {python.py:237} INFO - Done. Returned value was: None
[2025-08-14T22:29:44.022+0000] {taskinstance.py:441} INFO - ::group::Post task execution logs
[2025-08-14T22:29:44.029+0000] {taskinstance.py:1206} INFO - Marking task as SUCCESS. dag_id=Mini_GCP, task_id=transform_data_beam, run_id=manual__2025-08-14T22:29:35.650965+00:00, execution_date=20250814T222935, start_date=20250814T222943, end_date=20250814T222944
[2025-08-14T22:29:44.052+0000] {local_task_job_runner.py:240} INFO - Task exited with return code 0
[2025-08-14T22:29:44.070+0000] {taskinstance.py:3498} INFO - 1 downstream tasks scheduled from follow-on schedule check
[2025-08-14T22:29:44.071+0000] {local_task_job_runner.py:222} INFO - ::endgroup::
