[2025-08-14T22:52:53.487+0000] {local_task_job_runner.py:120} INFO - ::group::Pre task execution logs
[2025-08-14T22:52:53.508+0000] {taskinstance.py:2076} INFO - Dependencies all met for dep_context=non-requeueable deps ti=<TaskInstance: Mini_GCP.transform_data_beam manual__2025-08-14T22:52:46.106133+00:00 [queued]>
[2025-08-14T22:52:53.512+0000] {taskinstance.py:2076} INFO - Dependencies all met for dep_context=requeueable deps ti=<TaskInstance: Mini_GCP.transform_data_beam manual__2025-08-14T22:52:46.106133+00:00 [queued]>
[2025-08-14T22:52:53.512+0000] {taskinstance.py:2306} INFO - Starting attempt 1 of 2
[2025-08-14T22:52:53.520+0000] {taskinstance.py:2330} INFO - Executing <Task(PythonOperator): transform_data_beam> on 2025-08-14 22:52:46.106133+00:00
[2025-08-14T22:52:53.529+0000] {standard_task_runner.py:63} INFO - Started process 190 to run task
[2025-08-14T22:52:53.532+0000] {standard_task_runner.py:90} INFO - Running: ['airflow', 'tasks', 'run', 'Mini_GCP', 'transform_data_beam', 'manual__2025-08-14T22:52:46.106133+00:00', '--job-id', '5', '--raw', '--subdir', 'DAGS_FOLDER/etl_dag.py', '--cfg-path', '/tmp/tmpzq75ke45']
[2025-08-14T22:52:53.534+0000] {standard_task_runner.py:91} INFO - Job 5: Subtask transform_data_beam
[2025-08-14T22:52:53.572+0000] {task_command.py:426} INFO - Running <TaskInstance: Mini_GCP.transform_data_beam manual__2025-08-14T22:52:46.106133+00:00 [running]> on host 00a680a0d1f5
[2025-08-14T22:52:53.632+0000] {taskinstance.py:2648} INFO - Exporting env vars: AIRFLOW_CTX_DAG_OWNER='CamilaJaviera' AIRFLOW_CTX_DAG_ID='Mini_GCP' AIRFLOW_CTX_TASK_ID='transform_data_beam' AIRFLOW_CTX_EXECUTION_DATE='2025-08-14T22:52:46.106133+00:00' AIRFLOW_CTX_TRY_NUMBER='1' AIRFLOW_CTX_DAG_RUN_ID='manual__2025-08-14T22:52:46.106133+00:00'
[2025-08-14T22:52:53.633+0000] {taskinstance.py:430} INFO - ::endgroup::
[2025-08-14T22:52:53.644+0000] {pipeline.py:203} INFO - Missing pipeline option (runner). Executing pipeline using the default runner: DirectRunner.
[2025-08-14T22:52:53.758+0000] {pipeline_options.py:534} WARNING - Discarding unparseable args: ['scheduler']
[2025-08-14T22:52:53.799+0000] {statecache.py:214} INFO - Creating state cache with size 104857600
[2025-08-14T22:52:54.033+0000] {filebasedsink.py:325} INFO - Starting finalize_write threads with num_shards: 1 (skipped: 0), batches: 1, num_threads: 1
[2025-08-14T22:52:54.042+0000] {filebasedsink.py:372} INFO - Renamed 1 shards in 0.01 seconds.
[2025-08-14T22:52:54.050+0000] {logging_mixin.py:188} INFO - ✅ Clean file saved as: data/transform/clean_sales_1.csv
[2025-08-14T22:52:54.051+0000] {python.py:237} INFO - Done. Returned value was: None
[2025-08-14T22:52:54.051+0000] {taskinstance.py:441} INFO - ::group::Post task execution logs
[2025-08-14T22:52:54.062+0000] {taskinstance.py:1206} INFO - Marking task as SUCCESS. dag_id=Mini_GCP, task_id=transform_data_beam, run_id=manual__2025-08-14T22:52:46.106133+00:00, execution_date=20250814T225246, start_date=20250814T225253, end_date=20250814T225254
[2025-08-14T22:52:54.105+0000] {local_task_job_runner.py:240} INFO - Task exited with return code 0
[2025-08-14T22:52:54.127+0000] {taskinstance.py:3498} INFO - 1 downstream tasks scheduled from follow-on schedule check
[2025-08-14T22:52:54.129+0000] {local_task_job_runner.py:222} INFO - ::endgroup::
